<html>
<head>
<title>TestNG:  Test</title>
<link href="../testng.css" rel="stylesheet" type="text/css" />
<link href="../my-testng.css" rel="stylesheet" type="text/css" />

<style type="text/css">
.log { display: none;} 
.stack-trace { display: none;} 
</style>
<script type="text/javascript">
<!--
function flip(e) {
  current = e.style.display;
  if (current == 'block') {
    e.style.display = 'none';
    return 0;
  }
  else {
    e.style.display = 'block';
    return 1;
  }
}

function toggleBox(szDivId, elem, msg1, msg2)
{
  var res = -1;  if (document.getElementById) {
    res = flip(document.getElementById(szDivId));
  }
  else if (document.all) {
    // this is the way old msie versions work
    res = flip(document.all[szDivId]);
  }
  if(elem) {
    if(res == 0) elem.innerHTML = msg1; else elem.innerHTML = msg2;
  }

}

function toggleAllBoxes() {
  if (document.getElementsByTagName) {
    d = document.getElementsByTagName('div');
    for (i = 0; i < d.length; i++) {
      if (d[i].className == 'log') {
        flip(d[i]);
      }
    }
  }
}

// -->
</script>

</head>
<body>
<h2 align='center'>Test</h2><table border='1' align="center">
<tr>
<td>Tests passed/Failed/Skipped:</td><td>3/6/0</td>
</tr><tr>
<td>Started on:</td><td>Thu Apr 13 15:40:59 IST 2023</td>
</tr>
<tr><td>Total time:</td><td>13 seconds (13788 ms)</td>
</tr><tr>
<td>Included groups:</td><td></td>
</tr><tr>
<td>Excluded groups:</td><td></td>
</tr>
</table><p/>
<small><i>(Hover the method name to see the test class name)</i></small><p/>
<table width='100%' border='1' class='invocation-failed'>
<tr><td colspan='4' align='center'><b>FAILED TESTS</b></td></tr>
<tr><td><b>Test method</b></td>
<td width="30%"><b>Exception</b></td>
<td width="10%"><b>Time (seconds)</b></td>
<td><b>Instance</b></td>
</tr>
<tr>
<td title='com.qa.opencart.test.LoginPageTest.ComponentsOptionTest()'><b>ComponentsOptionTest</b><br>Test class: com.qa.opencart.test.LoginPageTest</td>
<td><div><pre>com.microsoft.playwright.PlaywrightException: Error {
  message=&apos;Error: strict mode violation: locator(&quot;xpath=//a[text()=&apos;Components&apos;]/parent::li/div//li&quot;) resolved to 5 elements:
    1) &lt;li&gt;…&lt;/li&gt; aka getByRole(AriaRole.LISTITEM).filter(new Locator.FilterOptions().setHasText(Pattern.compile(&quot;^Mice and Trackballs \\(0\\)$&quot;)))
    2) &lt;li&gt;…&lt;/li&gt; aka getByRole(AriaRole.LISTITEM).filter(new Locator.FilterOptions().setHasText(Pattern.compile(&quot;^Monitors \\(2\\)$&quot;)))
    3) &lt;li&gt;…&lt;/li&gt; aka getByRole(AriaRole.LISTITEM).filter(new Locator.FilterOptions().setHasText(Pattern.compile(&quot;^Printers \\(0\\)$&quot;)))
    4) &lt;li&gt;…&lt;/li&gt; aka getByRole(AriaRole.LISTITEM).filter(new Locator.FilterOptions().setHasText(Pattern.compile(&quot;^Scanners \\(0\\)$&quot;)))
    5) &lt;li&gt;…&lt;/li&gt; aka getByRole(AriaRole.LISTITEM).filter(new Locator.FilterOptions().setHasText(Pattern.compile(&quot;^Web Cameras \\(0\\)$&quot;)))

=========================== logs ===========================
waiting for locator(&quot;xpath=//a[text()=&apos;Components&apos;]/parent::li/div//li&quot;)
============================================================
  name=&apos;Error
  stack=&apos;Error: Error: strict mode violation: locator(&quot;xpath=//a[text()=&apos;Components&apos;]/parent::li/div//li&quot;) resolved to 5 elements:
    1) &lt;li&gt;…&lt;/li&gt; aka getByRole(AriaRole.LISTITEM).filter(new Locator.FilterOptions().setHasText(Pattern.compile(&quot;^Mice and Trackballs \\(0\\)$&quot;)))
    2) &lt;li&gt;…&lt;/li&gt; aka getByRole(AriaRole.LISTITEM).filter(new Locator.FilterOptions().setHasText(Pattern.compile(&quot;^Monitors \\(2\\)$&quot;)))
    3) &lt;li&gt;…&lt;/li&gt; aka getByRole(AriaRole.LISTITEM).filter(new Locator.FilterOptions().setHasText(Pattern.compile(&quot;^Printers \\(0\\)$&quot;)))
    4) &lt;li&gt;…&lt;/li&gt; aka getByRole(AriaRole.LISTITEM).filter(new Locator.FilterOptions().setHasText(Pattern.compile(&quot;^Scanners \\(0\\)$&quot;)))
    5) &lt;li&gt;…&lt;/li&gt; aka getByRole(AriaRole.LISTITEM).filter(new Locator.FilterOptions().setHasText(Pattern.compile(&quot;^Web Cameras \\(0\\)$&quot;)))

=========================== logs ===========================
waiting for locator(&quot;xpath=//a[text()=&apos;Components&apos;]/parent::li/div//li&quot;)
============================================================
    at WKExecutionContext.evaluateWithArguments (C:\PROGRA~1\KMSpico\temp\playwright-java-6251320391932570996\package\lib\server\webkit\wkExecutionContext.js:91:37)
    at async ScopedRace._race (C:\PROGRA~1\KMSpico\temp\playwright-java-6251320391932570996\package\lib\utils\manualPromise.js:80:14)
    at async evaluateExpression (C:\PROGRA~1\KMSpico\temp\playwright-java-6251320391932570996\package\lib\server\javascript.js:218:12)
    at async C:\PROGRA~1\KMSpico\temp\playwright-java-6251320391932570996\package\lib\server\frames.js:1396:13
    at async Frame.retryWithProgressAndTimeouts (C:\PROGRA~1\KMSpico\temp\playwright-java-6251320391932570996\package\lib\server\frames.js:908:24)
    at async ProgressController.run (C:\PROGRA~1\KMSpico\temp\playwright-java-6251320391932570996\package\lib\server\progress.js:92:22)
    at async Frame._elementState (C:\PROGRA~1\KMSpico\temp\playwright-java-6251320391932570996\package\lib\server\frames.js:1096:20)
    at async FrameDispatcher.isDisabled (C:\PROGRA~1\KMSpico\temp\playwright-java-6251320391932570996\package\lib\server\dispatchers\frameDispatcher.js:204:14)
    at async DispatcherConnection.dispatch (C:\PROGRA~1\KMSpico\temp\playwright-java-6251320391932570996\package\lib\server\dispatchers\dispatcher.js:312:22)
}
	at com.microsoft.playwright.impl.WaitableResult.get(WaitableResult.java:54)
	at com.microsoft.playwright.impl.ChannelOwner.runUntil(ChannelOwner.java:111)
	at com.microsoft.playwright.impl.Connection.sendMessage(Connection.java:126)
	at com.microsoft.playwright.impl.ChannelOwner.sendMessage(ChannelOwner.java:102)
	at com.microsoft.playwright.impl.FrameImpl.isDisabledImpl(FrameImpl.java:576)
	at com.microsoft.playwright.impl.FrameImpl.lambda$isDisabled$25(FrameImpl.java:567)
	at com.microsoft.playwright.impl.LoggingSupport.withLogging(LoggingSupport.java:47)
	at com.microsoft.playwright.impl.ChannelOwner.withLogging(ChannelOwner.java:87)
	at com.microsoft.playwright.impl.FrameImpl.isDisabled(FrameImpl.java:567)
	at com.microsoft.playwright.impl.LocatorImpl.isDisabled(LocatorImpl.java:342)
	at com.microsoft.playwright.Locator.isDisabled(Locator.java:3569)
	at com.qa.opncart.pages.LoginPage.validateComponentsVisibleOptions(LoginPage.java:66)
	at com.qa.opencart.test.LoginPageTest.ComponentsOptionTest(LoginPageTest.java:37)
	at java.util.concurrent.ThreadPoolExecutor.runWorker(Unknown Source)
	at java.util.concurrent.ThreadPoolExecutor$Worker.run(Unknown Source)
	at java.lang.Thread.run(Unknown Source)
Caused by: com.microsoft.playwright.impl.DriverException: Error {
  message=&apos;Error: strict mode violation: locator(&quot;xpath=//a[text()=&apos;Components&apos;]/parent::li/div//li&quot;) resolved to 5 elements:
    1) &lt;li&gt;…&lt;/li&gt; aka getByRole(AriaRole.LISTITEM).filter(new Locator.FilterOptions().setHasText(Pattern.compile(&quot;^Mice and Trackballs \\(0\\)$&quot;)))
    2) &lt;li&gt;…&lt;/li&gt; aka getByRole(AriaRole.LISTITEM).filter(new Locator.FilterOptions().setHasText(Pattern.compile(&quot;^Monitors \\(2\\)$&quot;)))
    3) &lt;li&gt;…&lt;/li&gt; aka getByRole(AriaRole.LISTITEM).filter(new Locator.FilterOptions().setHasText(Pattern.compile(&quot;^Printers \\(0\\)$&quot;)))
    4) &lt;li&gt;…&lt;/li&gt; aka getByRole(AriaRole.LISTITEM).filter(new Locator.FilterOptions().setHasText(Pattern.compile(&quot;^Scanners \\(0\\)$&quot;)))
    5) &lt;li&gt;…&lt;/li&gt; aka getByRole(AriaRole.LISTITEM).filter(new Locator.FilterOptions().setHasText(Pattern.compile(&quot;^Web Cameras \\(0\\)$&quot;)))

=========================== logs ===========================
waiting for locator(&quot;xpath=//a[text()=&apos;Components&apos;]/parent::li/div//li&quot;)
============================================================
  name=&apos;Error
  stack=&apos;Error: Error: strict mode violation: locator(&quot;xpath=//a[text()=&apos;Components&apos;]/parent::li/div//li&quot;) resolved to 5 elements:
    1) &lt;li&gt;…&lt;/li&gt; aka getByRole(AriaRole.LISTITEM).filter(new Locator.FilterOptions().setHasText(Pattern.compile(&quot;^Mice and Trackballs \\(0\\)$&quot;)))
    2) &lt;li&gt;…&lt;/li&gt; aka getByRole(AriaRole.LISTITEM).filter(new Locator.FilterOptions().setHasText(Pattern.compile(&quot;^Monitors \\(2\\)$&quot;)))
    3) &lt;li&gt;…&lt;/li&gt; aka getByRole(AriaRole.LISTITEM).filter(new Locator.FilterOptions().setHasText(Pattern.compile(&quot;^Printers \\(0\\)$&quot;)))
    4) &lt;li&gt;…&lt;/li&gt; aka getByRole(AriaRole.LISTITEM).filter(new Locator.FilterOptions().setHasText(Pattern.compile(&quot;^Scanners \\(0\\)$&quot;)))
    5) &lt;li&gt;…&lt;/li&gt; aka getByRole(AriaRole.LISTITEM).filter(new Locator.FilterOptions().setHasText(Pattern.compile(&quot;^Web Cameras \\(0\\)$&quot;)))

=========================== logs ===========================
waiting for locator(&quot;xpath=//a[text()=&apos;Components&apos;]/parent::li/div//li&quot;)
============================================================
    at WKExecutionContext.evaluateWithArguments (C:\PROGRA~1\KMSpico\temp\playwright-java-6251320391932570996\package\lib\server\webkit\wkExecutionContext.js:91:37)
    at async ScopedRace._race (C:\PROGRA~1\KMSpico\temp\playwright-java-6251320391932570996\package\lib\utils\manualPromise.js:80:14)
    at async evaluateExpression (C:\PROGRA~1\KMSpico\temp\playwright-java-6251320391932570996\package\lib\server\javascript.js:218:12)
    at async C:\PROGRA~1\KMSpico\temp\playwright-java-6251320391932570996\package\lib\server\frames.js:1396:13
    at async Frame.retryWithProgressAndTimeouts (C:\PROGRA~1\KMSpico\temp\playwright-java-6251320391932570996\package\lib\server\frames.js:908:24)
    at async ProgressController.run (C:\PROGRA~1\KMSpico\temp\playwright-java-6251320391932570996\package\lib\server\progress.js:92:22)
    at async Frame._elementState (C:\PROGRA~1\KMSpico\temp\playwright-java-6251320391932570996\package\lib\server\frames.js:1096:20)
    at async FrameDispatcher.isDisabled (C:\PROGRA~1\KMSpico\temp\playwright-java-6251320391932570996\package\lib\server\dispatchers\frameDispatcher.js:204:14)
    at async DispatcherConnection.dispatch (C:\PROGRA~1\KMSpico\temp\playwright-java-6251320391932570996\package\lib\server\dispatchers\dispatcher.js:312:22)
}
	at com.microsoft.playwright.impl.Connection.dispatch(Connection.java:226)
	at com.microsoft.playwright.impl.Connection.processOneMessage(Connection.java:206)
	at com.microsoft.playwright.impl.ChannelOwner.runUntil(ChannelOwner.java:109)
	... 24 more
... Removed 10 stack frames</pre></div><a href='#' onClick='toggleBox("stack-trace785972892", this, "Click to show all stack frames", "Click to hide stack frames")'>Click to show all stack frames</a>
<div class='stack-trace' id='stack-trace785972892'><pre>com.microsoft.playwright.PlaywrightException: Error {
  message=&apos;Error: strict mode violation: locator(&quot;xpath=//a[text()=&apos;Components&apos;]/parent::li/div//li&quot;) resolved to 5 elements:
    1) &lt;li&gt;…&lt;/li&gt; aka getByRole(AriaRole.LISTITEM).filter(new Locator.FilterOptions().setHasText(Pattern.compile(&quot;^Mice and Trackballs \\(0\\)$&quot;)))
    2) &lt;li&gt;…&lt;/li&gt; aka getByRole(AriaRole.LISTITEM).filter(new Locator.FilterOptions().setHasText(Pattern.compile(&quot;^Monitors \\(2\\)$&quot;)))
    3) &lt;li&gt;…&lt;/li&gt; aka getByRole(AriaRole.LISTITEM).filter(new Locator.FilterOptions().setHasText(Pattern.compile(&quot;^Printers \\(0\\)$&quot;)))
    4) &lt;li&gt;…&lt;/li&gt; aka getByRole(AriaRole.LISTITEM).filter(new Locator.FilterOptions().setHasText(Pattern.compile(&quot;^Scanners \\(0\\)$&quot;)))
    5) &lt;li&gt;…&lt;/li&gt; aka getByRole(AriaRole.LISTITEM).filter(new Locator.FilterOptions().setHasText(Pattern.compile(&quot;^Web Cameras \\(0\\)$&quot;)))

=========================== logs ===========================
waiting for locator(&quot;xpath=//a[text()=&apos;Components&apos;]/parent::li/div//li&quot;)
============================================================
  name=&apos;Error
  stack=&apos;Error: Error: strict mode violation: locator(&quot;xpath=//a[text()=&apos;Components&apos;]/parent::li/div//li&quot;) resolved to 5 elements:
    1) &lt;li&gt;…&lt;/li&gt; aka getByRole(AriaRole.LISTITEM).filter(new Locator.FilterOptions().setHasText(Pattern.compile(&quot;^Mice and Trackballs \\(0\\)$&quot;)))
    2) &lt;li&gt;…&lt;/li&gt; aka getByRole(AriaRole.LISTITEM).filter(new Locator.FilterOptions().setHasText(Pattern.compile(&quot;^Monitors \\(2\\)$&quot;)))
    3) &lt;li&gt;…&lt;/li&gt; aka getByRole(AriaRole.LISTITEM).filter(new Locator.FilterOptions().setHasText(Pattern.compile(&quot;^Printers \\(0\\)$&quot;)))
    4) &lt;li&gt;…&lt;/li&gt; aka getByRole(AriaRole.LISTITEM).filter(new Locator.FilterOptions().setHasText(Pattern.compile(&quot;^Scanners \\(0\\)$&quot;)))
    5) &lt;li&gt;…&lt;/li&gt; aka getByRole(AriaRole.LISTITEM).filter(new Locator.FilterOptions().setHasText(Pattern.compile(&quot;^Web Cameras \\(0\\)$&quot;)))

=========================== logs ===========================
waiting for locator(&quot;xpath=//a[text()=&apos;Components&apos;]/parent::li/div//li&quot;)
============================================================
    at WKExecutionContext.evaluateWithArguments (C:\PROGRA~1\KMSpico\temp\playwright-java-6251320391932570996\package\lib\server\webkit\wkExecutionContext.js:91:37)
    at async ScopedRace._race (C:\PROGRA~1\KMSpico\temp\playwright-java-6251320391932570996\package\lib\utils\manualPromise.js:80:14)
    at async evaluateExpression (C:\PROGRA~1\KMSpico\temp\playwright-java-6251320391932570996\package\lib\server\javascript.js:218:12)
    at async C:\PROGRA~1\KMSpico\temp\playwright-java-6251320391932570996\package\lib\server\frames.js:1396:13
    at async Frame.retryWithProgressAndTimeouts (C:\PROGRA~1\KMSpico\temp\playwright-java-6251320391932570996\package\lib\server\frames.js:908:24)
    at async ProgressController.run (C:\PROGRA~1\KMSpico\temp\playwright-java-6251320391932570996\package\lib\server\progress.js:92:22)
    at async Frame._elementState (C:\PROGRA~1\KMSpico\temp\playwright-java-6251320391932570996\package\lib\server\frames.js:1096:20)
    at async FrameDispatcher.isDisabled (C:\PROGRA~1\KMSpico\temp\playwright-java-6251320391932570996\package\lib\server\dispatchers\frameDispatcher.js:204:14)
    at async DispatcherConnection.dispatch (C:\PROGRA~1\KMSpico\temp\playwright-java-6251320391932570996\package\lib\server\dispatchers\dispatcher.js:312:22)
}
	at com.microsoft.playwright.impl.WaitableResult.get(WaitableResult.java:54)
	at com.microsoft.playwright.impl.ChannelOwner.runUntil(ChannelOwner.java:111)
	at com.microsoft.playwright.impl.Connection.sendMessage(Connection.java:126)
	at com.microsoft.playwright.impl.ChannelOwner.sendMessage(ChannelOwner.java:102)
	at com.microsoft.playwright.impl.FrameImpl.isDisabledImpl(FrameImpl.java:576)
	at com.microsoft.playwright.impl.FrameImpl.lambda$isDisabled$25(FrameImpl.java:567)
	at com.microsoft.playwright.impl.LoggingSupport.withLogging(LoggingSupport.java:47)
	at com.microsoft.playwright.impl.ChannelOwner.withLogging(ChannelOwner.java:87)
	at com.microsoft.playwright.impl.FrameImpl.isDisabled(FrameImpl.java:567)
	at com.microsoft.playwright.impl.LocatorImpl.isDisabled(LocatorImpl.java:342)
	at com.microsoft.playwright.Locator.isDisabled(Locator.java:3569)
	at com.qa.opncart.pages.LoginPage.validateComponentsVisibleOptions(LoginPage.java:66)
	at com.qa.opencart.test.LoginPageTest.ComponentsOptionTest(LoginPageTest.java:37)
	at sun.reflect.NativeMethodAccessorImpl.invoke0(Native Method)
	at sun.reflect.NativeMethodAccessorImpl.invoke(Unknown Source)
	at sun.reflect.DelegatingMethodAccessorImpl.invoke(Unknown Source)
	at java.lang.reflect.Method.invoke(Unknown Source)
	at org.testng.internal.MethodInvocationHelper.invokeMethod(MethodInvocationHelper.java:124)
	at org.testng.internal.Invoker.invokeMethod(Invoker.java:583)
	at org.testng.internal.Invoker.invokeTestMethod(Invoker.java:719)
	at org.testng.internal.Invoker.invokeTestMethods(Invoker.java:989)
	at org.testng.internal.TestMethodWorker.invokeTestMethods(TestMethodWorker.java:125)
	at org.testng.internal.TestMethodWorker.run(TestMethodWorker.java:109)
	at java.util.concurrent.ThreadPoolExecutor.runWorker(Unknown Source)
	at java.util.concurrent.ThreadPoolExecutor$Worker.run(Unknown Source)
	at java.lang.Thread.run(Unknown Source)
Caused by: com.microsoft.playwright.impl.DriverException: Error {
  message=&apos;Error: strict mode violation: locator(&quot;xpath=//a[text()=&apos;Components&apos;]/parent::li/div//li&quot;) resolved to 5 elements:
    1) &lt;li&gt;…&lt;/li&gt; aka getByRole(AriaRole.LISTITEM).filter(new Locator.FilterOptions().setHasText(Pattern.compile(&quot;^Mice and Trackballs \\(0\\)$&quot;)))
    2) &lt;li&gt;…&lt;/li&gt; aka getByRole(AriaRole.LISTITEM).filter(new Locator.FilterOptions().setHasText(Pattern.compile(&quot;^Monitors \\(2\\)$&quot;)))
    3) &lt;li&gt;…&lt;/li&gt; aka getByRole(AriaRole.LISTITEM).filter(new Locator.FilterOptions().setHasText(Pattern.compile(&quot;^Printers \\(0\\)$&quot;)))
    4) &lt;li&gt;…&lt;/li&gt; aka getByRole(AriaRole.LISTITEM).filter(new Locator.FilterOptions().setHasText(Pattern.compile(&quot;^Scanners \\(0\\)$&quot;)))
    5) &lt;li&gt;…&lt;/li&gt; aka getByRole(AriaRole.LISTITEM).filter(new Locator.FilterOptions().setHasText(Pattern.compile(&quot;^Web Cameras \\(0\\)$&quot;)))

=========================== logs ===========================
waiting for locator(&quot;xpath=//a[text()=&apos;Components&apos;]/parent::li/div//li&quot;)
============================================================
  name=&apos;Error
  stack=&apos;Error: Error: strict mode violation: locator(&quot;xpath=//a[text()=&apos;Components&apos;]/parent::li/div//li&quot;) resolved to 5 elements:
    1) &lt;li&gt;…&lt;/li&gt; aka getByRole(AriaRole.LISTITEM).filter(new Locator.FilterOptions().setHasText(Pattern.compile(&quot;^Mice and Trackballs \\(0\\)$&quot;)))
    2) &lt;li&gt;…&lt;/li&gt; aka getByRole(AriaRole.LISTITEM).filter(new Locator.FilterOptions().setHasText(Pattern.compile(&quot;^Monitors \\(2\\)$&quot;)))
    3) &lt;li&gt;…&lt;/li&gt; aka getByRole(AriaRole.LISTITEM).filter(new Locator.FilterOptions().setHasText(Pattern.compile(&quot;^Printers \\(0\\)$&quot;)))
    4) &lt;li&gt;…&lt;/li&gt; aka getByRole(AriaRole.LISTITEM).filter(new Locator.FilterOptions().setHasText(Pattern.compile(&quot;^Scanners \\(0\\)$&quot;)))
    5) &lt;li&gt;…&lt;/li&gt; aka getByRole(AriaRole.LISTITEM).filter(new Locator.FilterOptions().setHasText(Pattern.compile(&quot;^Web Cameras \\(0\\)$&quot;)))

=========================== logs ===========================
waiting for locator(&quot;xpath=//a[text()=&apos;Components&apos;]/parent::li/div//li&quot;)
============================================================
    at WKExecutionContext.evaluateWithArguments (C:\PROGRA~1\KMSpico\temp\playwright-java-6251320391932570996\package\lib\server\webkit\wkExecutionContext.js:91:37)
    at async ScopedRace._race (C:\PROGRA~1\KMSpico\temp\playwright-java-6251320391932570996\package\lib\utils\manualPromise.js:80:14)
    at async evaluateExpression (C:\PROGRA~1\KMSpico\temp\playwright-java-6251320391932570996\package\lib\server\javascript.js:218:12)
    at async C:\PROGRA~1\KMSpico\temp\playwright-java-6251320391932570996\package\lib\server\frames.js:1396:13
    at async Frame.retryWithProgressAndTimeouts (C:\PROGRA~1\KMSpico\temp\playwright-java-6251320391932570996\package\lib\server\frames.js:908:24)
    at async ProgressController.run (C:\PROGRA~1\KMSpico\temp\playwright-java-6251320391932570996\package\lib\server\progress.js:92:22)
    at async Frame._elementState (C:\PROGRA~1\KMSpico\temp\playwright-java-6251320391932570996\package\lib\server\frames.js:1096:20)
    at async FrameDispatcher.isDisabled (C:\PROGRA~1\KMSpico\temp\playwright-java-6251320391932570996\package\lib\server\dispatchers\frameDispatcher.js:204:14)
    at async DispatcherConnection.dispatch (C:\PROGRA~1\KMSpico\temp\playwright-java-6251320391932570996\package\lib\server\dispatchers\dispatcher.js:312:22)
}
	at com.microsoft.playwright.impl.Connection.dispatch(Connection.java:226)
	at com.microsoft.playwright.impl.Connection.processOneMessage(Connection.java:206)
	at com.microsoft.playwright.impl.ChannelOwner.runUntil(ChannelOwner.java:109)
	... 24 more
</pre></div></td>
<td>0</td>
<td>com.qa.opencart.test.LoginPageTest@1d16f93d</td></tr>
<tr>
<td title='com.qa.opencart.test.HomePageTest.homepageTitleTest()'><b>homepageTitleTest</b><br>Test class: com.qa.opencart.test.HomePageTest</td>
<td><div><pre>java.lang.NullPointerException
	at com.qa.opencart.test.HomePageTest.homepageTitleTest(HomePageTest.java:14)
	at java.util.concurrent.ThreadPoolExecutor.runWorker(Unknown Source)
	at java.util.concurrent.ThreadPoolExecutor$Worker.run(Unknown Source)
	at java.lang.Thread.run(Unknown Source)
... Removed 10 stack frames</pre></div><a href='#' onClick='toggleBox("stack-trace1872677557", this, "Click to show all stack frames", "Click to hide stack frames")'>Click to show all stack frames</a>
<div class='stack-trace' id='stack-trace1872677557'><pre>java.lang.NullPointerException
	at com.qa.opencart.test.HomePageTest.homepageTitleTest(HomePageTest.java:14)
	at sun.reflect.NativeMethodAccessorImpl.invoke0(Native Method)
	at sun.reflect.NativeMethodAccessorImpl.invoke(Unknown Source)
	at sun.reflect.DelegatingMethodAccessorImpl.invoke(Unknown Source)
	at java.lang.reflect.Method.invoke(Unknown Source)
	at org.testng.internal.MethodInvocationHelper.invokeMethod(MethodInvocationHelper.java:124)
	at org.testng.internal.Invoker.invokeMethod(Invoker.java:583)
	at org.testng.internal.Invoker.invokeTestMethod(Invoker.java:719)
	at org.testng.internal.Invoker.invokeTestMethods(Invoker.java:989)
	at org.testng.internal.TestMethodWorker.invokeTestMethods(TestMethodWorker.java:125)
	at org.testng.internal.TestMethodWorker.run(TestMethodWorker.java:109)
	at java.util.concurrent.ThreadPoolExecutor.runWorker(Unknown Source)
	at java.util.concurrent.ThreadPoolExecutor$Worker.run(Unknown Source)
	at java.lang.Thread.run(Unknown Source)
</pre></div></td>
<td>0</td>
<td>com.qa.opencart.test.HomePageTest@67b92f0a</td></tr>
<tr>
<td title='com.qa.opencart.test.HomePageTest.homepageUrlTest()'><b>homepageUrlTest</b><br>Test class: com.qa.opencart.test.HomePageTest</td>
<td><div><pre>java.lang.NullPointerException
	at com.qa.opencart.test.HomePageTest.homepageUrlTest(HomePageTest.java:20)
	at java.util.concurrent.ThreadPoolExecutor.runWorker(Unknown Source)
	at java.util.concurrent.ThreadPoolExecutor$Worker.run(Unknown Source)
	at java.lang.Thread.run(Unknown Source)
... Removed 10 stack frames</pre></div><a href='#' onClick='toggleBox("stack-trace906390196", this, "Click to show all stack frames", "Click to hide stack frames")'>Click to show all stack frames</a>
<div class='stack-trace' id='stack-trace906390196'><pre>java.lang.NullPointerException
	at com.qa.opencart.test.HomePageTest.homepageUrlTest(HomePageTest.java:20)
	at sun.reflect.NativeMethodAccessorImpl.invoke0(Native Method)
	at sun.reflect.NativeMethodAccessorImpl.invoke(Unknown Source)
	at sun.reflect.DelegatingMethodAccessorImpl.invoke(Unknown Source)
	at java.lang.reflect.Method.invoke(Unknown Source)
	at org.testng.internal.MethodInvocationHelper.invokeMethod(MethodInvocationHelper.java:124)
	at org.testng.internal.Invoker.invokeMethod(Invoker.java:583)
	at org.testng.internal.Invoker.invokeTestMethod(Invoker.java:719)
	at org.testng.internal.Invoker.invokeTestMethods(Invoker.java:989)
	at org.testng.internal.TestMethodWorker.invokeTestMethods(TestMethodWorker.java:125)
	at org.testng.internal.TestMethodWorker.run(TestMethodWorker.java:109)
	at java.util.concurrent.ThreadPoolExecutor.runWorker(Unknown Source)
	at java.util.concurrent.ThreadPoolExecutor$Worker.run(Unknown Source)
	at java.lang.Thread.run(Unknown Source)
</pre></div></td>
<td>0</td>
<td>com.qa.opencart.test.HomePageTest@67b92f0a</td></tr>
<tr>
<td title='com.qa.opencart.test.HomePageTest.searchProduct()'><b>searchProduct</b><br>Test class: com.qa.opencart.test.HomePageTest<br>Parameters: Redmi</td>
<td><div><pre>java.lang.NullPointerException
	at com.qa.opencart.test.HomePageTest.searchProduct(HomePageTest.java:25)
	at java.util.concurrent.ThreadPoolExecutor.runWorker(Unknown Source)
	at java.util.concurrent.ThreadPoolExecutor$Worker.run(Unknown Source)
	at java.lang.Thread.run(Unknown Source)
... Removed 10 stack frames</pre></div><a href='#' onClick='toggleBox("stack-trace314642175", this, "Click to show all stack frames", "Click to hide stack frames")'>Click to show all stack frames</a>
<div class='stack-trace' id='stack-trace314642175'><pre>java.lang.NullPointerException
	at com.qa.opencart.test.HomePageTest.searchProduct(HomePageTest.java:25)
	at sun.reflect.NativeMethodAccessorImpl.invoke0(Native Method)
	at sun.reflect.NativeMethodAccessorImpl.invoke(Unknown Source)
	at sun.reflect.DelegatingMethodAccessorImpl.invoke(Unknown Source)
	at java.lang.reflect.Method.invoke(Unknown Source)
	at org.testng.internal.MethodInvocationHelper.invokeMethod(MethodInvocationHelper.java:124)
	at org.testng.internal.Invoker.invokeMethod(Invoker.java:583)
	at org.testng.internal.Invoker.invokeTestMethod(Invoker.java:719)
	at org.testng.internal.Invoker.invokeTestMethods(Invoker.java:989)
	at org.testng.internal.TestMethodWorker.invokeTestMethods(TestMethodWorker.java:125)
	at org.testng.internal.TestMethodWorker.run(TestMethodWorker.java:109)
	at java.util.concurrent.ThreadPoolExecutor.runWorker(Unknown Source)
	at java.util.concurrent.ThreadPoolExecutor$Worker.run(Unknown Source)
	at java.lang.Thread.run(Unknown Source)
</pre></div></td>
<td>0</td>
<td>com.qa.opencart.test.HomePageTest@67b92f0a</td></tr>
<tr>
<td title='com.qa.opencart.test.HomePageTest.searchProduct()'><b>searchProduct</b><br>Test class: com.qa.opencart.test.HomePageTest<br>Parameters: Samsung</td>
<td><div><pre>java.lang.NullPointerException
	at com.qa.opencart.test.HomePageTest.searchProduct(HomePageTest.java:25)
	at java.util.concurrent.ThreadPoolExecutor.runWorker(Unknown Source)
	at java.util.concurrent.ThreadPoolExecutor$Worker.run(Unknown Source)
	at java.lang.Thread.run(Unknown Source)
... Removed 10 stack frames</pre></div><a href='#' onClick='toggleBox("stack-trace774884999", this, "Click to show all stack frames", "Click to hide stack frames")'>Click to show all stack frames</a>
<div class='stack-trace' id='stack-trace774884999'><pre>java.lang.NullPointerException
	at com.qa.opencart.test.HomePageTest.searchProduct(HomePageTest.java:25)
	at sun.reflect.NativeMethodAccessorImpl.invoke0(Native Method)
	at sun.reflect.NativeMethodAccessorImpl.invoke(Unknown Source)
	at sun.reflect.DelegatingMethodAccessorImpl.invoke(Unknown Source)
	at java.lang.reflect.Method.invoke(Unknown Source)
	at org.testng.internal.MethodInvocationHelper.invokeMethod(MethodInvocationHelper.java:124)
	at org.testng.internal.Invoker.invokeMethod(Invoker.java:583)
	at org.testng.internal.Invoker.invokeTestMethod(Invoker.java:719)
	at org.testng.internal.Invoker.invokeTestMethods(Invoker.java:989)
	at org.testng.internal.TestMethodWorker.invokeTestMethods(TestMethodWorker.java:125)
	at org.testng.internal.TestMethodWorker.run(TestMethodWorker.java:109)
	at java.util.concurrent.ThreadPoolExecutor.runWorker(Unknown Source)
	at java.util.concurrent.ThreadPoolExecutor$Worker.run(Unknown Source)
	at java.lang.Thread.run(Unknown Source)
</pre></div></td>
<td>0</td>
<td>com.qa.opencart.test.HomePageTest@67b92f0a</td></tr>
<tr>
<td title='com.qa.opencart.test.HomePageTest.searchProduct()'><b>searchProduct</b><br>Test class: com.qa.opencart.test.HomePageTest<br>Parameters: Micromax</td>
<td><div><pre>java.lang.NullPointerException
	at com.qa.opencart.test.HomePageTest.searchProduct(HomePageTest.java:25)
	at java.util.concurrent.ThreadPoolExecutor.runWorker(Unknown Source)
	at java.util.concurrent.ThreadPoolExecutor$Worker.run(Unknown Source)
	at java.lang.Thread.run(Unknown Source)
... Removed 10 stack frames</pre></div><a href='#' onClick='toggleBox("stack-trace1562441911", this, "Click to show all stack frames", "Click to hide stack frames")'>Click to show all stack frames</a>
<div class='stack-trace' id='stack-trace1562441911'><pre>java.lang.NullPointerException
	at com.qa.opencart.test.HomePageTest.searchProduct(HomePageTest.java:25)
	at sun.reflect.NativeMethodAccessorImpl.invoke0(Native Method)
	at sun.reflect.NativeMethodAccessorImpl.invoke(Unknown Source)
	at sun.reflect.DelegatingMethodAccessorImpl.invoke(Unknown Source)
	at java.lang.reflect.Method.invoke(Unknown Source)
	at org.testng.internal.MethodInvocationHelper.invokeMethod(MethodInvocationHelper.java:124)
	at org.testng.internal.Invoker.invokeMethod(Invoker.java:583)
	at org.testng.internal.Invoker.invokeTestMethod(Invoker.java:719)
	at org.testng.internal.Invoker.invokeTestMethods(Invoker.java:989)
	at org.testng.internal.TestMethodWorker.invokeTestMethods(TestMethodWorker.java:125)
	at org.testng.internal.TestMethodWorker.run(TestMethodWorker.java:109)
	at java.util.concurrent.ThreadPoolExecutor.runWorker(Unknown Source)
	at java.util.concurrent.ThreadPoolExecutor$Worker.run(Unknown Source)
	at java.lang.Thread.run(Unknown Source)
</pre></div></td>
<td>0</td>
<td>com.qa.opencart.test.HomePageTest@67b92f0a</td></tr>
</table><p>
<table width='100%' border='1' class='invocation-passed'>
<tr><td colspan='4' align='center'><b>PASSED TESTS</b></td></tr>
<tr><td><b>Test method</b></td>
<td width="30%"><b>Exception</b></td>
<td width="10%"><b>Time (seconds)</b></td>
<td><b>Instance</b></td>
</tr>
<tr>
<td title='com.qa.opencart.test.LoginPageTest.appLoginTest()'><b>appLoginTest</b><br>Test class: com.qa.opencart.test.LoginPageTest</td>
<td></td>
<td>1</td>
<td>com.qa.opencart.test.LoginPageTest@1d16f93d</td></tr>
<tr>
<td title='com.qa.opencart.test.LoginPageTest.isForgotPwdlinkExist()'><b>isForgotPwdlinkExist</b><br>Test class: com.qa.opencart.test.LoginPageTest</td>
<td></td>
<td>0</td>
<td>com.qa.opencart.test.LoginPageTest@1d16f93d</td></tr>
<tr>
<td title='com.qa.opencart.test.LoginPageTest.loginPageNavigationTest()'><b>loginPageNavigationTest</b><br>Test class: com.qa.opencart.test.LoginPageTest</td>
<td></td>
<td>1</td>
<td>com.qa.opencart.test.LoginPageTest@1d16f93d</td></tr>
</table><p>
</body>
</html>