<?xml version="1.0" encoding="UTF-8"?>
<testng-results skipped="0" failed="6" ignored="2" total="11" passed="3">
  <reporter-output>
  </reporter-output>
  <suite name="Suite" duration-ms="13788" started-at="2023-04-13T10:10:59Z" finished-at="2023-04-13T10:11:13Z">
    <groups>
    </groups>
    <test name="Test" duration-ms="13788" started-at="2023-04-13T10:10:59Z" finished-at="2023-04-13T10:11:13Z">
      <class name="com.qa.opencart.test.LoginPageTest">
        <test-method status="PASS" signature="setup()[pri:0, instance:com.qa.opencart.test.LoginPageTest@1d16f93d]" name="setup" is-config="true" duration-ms="9880" started-at="2023-04-13T10:10:59Z" finished-at="2023-04-13T10:11:09Z">
          <reporter-output>
          </reporter-output>
        </test-method> <!-- setup -->
        <test-method status="PASS" signature="loginPageNavigationTest()[pri:1, instance:com.qa.opencart.test.LoginPageTest@1d16f93d]" name="loginPageNavigationTest" duration-ms="1272" started-at="2023-04-13T10:11:09Z" finished-at="2023-04-13T10:11:10Z">
          <reporter-output>
          </reporter-output>
        </test-method> <!-- loginPageNavigationTest -->
        <test-method status="PASS" signature="isForgotPwdlinkExist()[pri:2, instance:com.qa.opencart.test.LoginPageTest@1d16f93d]" name="isForgotPwdlinkExist" duration-ms="31" started-at="2023-04-13T10:11:10Z" finished-at="2023-04-13T10:11:10Z">
          <reporter-output>
          </reporter-output>
        </test-method> <!-- isForgotPwdlinkExist -->
        <test-method status="PASS" signature="appLoginTest()[pri:3, instance:com.qa.opencart.test.LoginPageTest@1d16f93d]" name="appLoginTest" duration-ms="1503" started-at="2023-04-13T10:11:10Z" finished-at="2023-04-13T10:11:12Z">
          <reporter-output>
          </reporter-output>
        </test-method> <!-- appLoginTest -->
        <test-method status="FAIL" signature="ComponentsOptionTest()[pri:4, instance:com.qa.opencart.test.LoginPageTest@1d16f93d]" name="ComponentsOptionTest" duration-ms="732" started-at="2023-04-13T10:11:12Z" finished-at="2023-04-13T10:11:12Z">
          <exception class="com.microsoft.playwright.PlaywrightException">
            <message>
              <![CDATA[Error {
  message='Error: strict mode violation: locator("xpath=//a[text()='Components']/parent::li/div//li") resolved to 5 elements:
    1) <li>…</li> aka getByRole(AriaRole.LISTITEM).filter(new Locator.FilterOptions().setHasText(Pattern.compile("^Mice and Trackballs \\(0\\)$")))
    2) <li>…</li> aka getByRole(AriaRole.LISTITEM).filter(new Locator.FilterOptions().setHasText(Pattern.compile("^Monitors \\(2\\)$")))
    3) <li>…</li> aka getByRole(AriaRole.LISTITEM).filter(new Locator.FilterOptions().setHasText(Pattern.compile("^Printers \\(0\\)$")))
    4) <li>…</li> aka getByRole(AriaRole.LISTITEM).filter(new Locator.FilterOptions().setHasText(Pattern.compile("^Scanners \\(0\\)$")))
    5) <li>…</li> aka getByRole(AriaRole.LISTITEM).filter(new Locator.FilterOptions().setHasText(Pattern.compile("^Web Cameras \\(0\\)$")))

=========================== logs ===========================
waiting for locator("xpath=//a[text()='Components']/parent::li/div//li")
============================================================
  name='Error
  stack='Error: Error: strict mode violation: locator("xpath=//a[text()='Components']/parent::li/div//li") resolved to 5 elements:
    1) <li>…</li> aka getByRole(AriaRole.LISTITEM).filter(new Locator.FilterOptions().setHasText(Pattern.compile("^Mice and Trackballs \\(0\\)$")))
    2) <li>…</li> aka getByRole(AriaRole.LISTITEM).filter(new Locator.FilterOptions().setHasText(Pattern.compile("^Monitors \\(2\\)$")))
    3) <li>…</li> aka getByRole(AriaRole.LISTITEM).filter(new Locator.FilterOptions().setHasText(Pattern.compile("^Printers \\(0\\)$")))
    4) <li>…</li> aka getByRole(AriaRole.LISTITEM).filter(new Locator.FilterOptions().setHasText(Pattern.compile("^Scanners \\(0\\)$")))
    5) <li>…</li> aka getByRole(AriaRole.LISTITEM).filter(new Locator.FilterOptions().setHasText(Pattern.compile("^Web Cameras \\(0\\)$")))

=========================== logs ===========================
waiting for locator("xpath=//a[text()='Components']/parent::li/div//li")
============================================================
    at WKExecutionContext.evaluateWithArguments (C:\PROGRA~1\KMSpico\temp\playwright-java-6251320391932570996\package\lib\server\webkit\wkExecutionContext.js:91:37)
    at async ScopedRace._race (C:\PROGRA~1\KMSpico\temp\playwright-java-6251320391932570996\package\lib\utils\manualPromise.js:80:14)
    at async evaluateExpression (C:\PROGRA~1\KMSpico\temp\playwright-java-6251320391932570996\package\lib\server\javascript.js:218:12)
    at async C:\PROGRA~1\KMSpico\temp\playwright-java-6251320391932570996\package\lib\server\frames.js:1396:13
    at async Frame.retryWithProgressAndTimeouts (C:\PROGRA~1\KMSpico\temp\playwright-java-6251320391932570996\package\lib\server\frames.js:908:24)
    at async ProgressController.run (C:\PROGRA~1\KMSpico\temp\playwright-java-6251320391932570996\package\lib\server\progress.js:92:22)
    at async Frame._elementState (C:\PROGRA~1\KMSpico\temp\playwright-java-6251320391932570996\package\lib\server\frames.js:1096:20)
    at async FrameDispatcher.isDisabled (C:\PROGRA~1\KMSpico\temp\playwright-java-6251320391932570996\package\lib\server\dispatchers\frameDispatcher.js:204:14)
    at async DispatcherConnection.dispatch (C:\PROGRA~1\KMSpico\temp\playwright-java-6251320391932570996\package\lib\server\dispatchers\dispatcher.js:312:22)
}]]>
            </message>
            <full-stacktrace>
              <![CDATA[com.microsoft.playwright.PlaywrightException: Error {
  message='Error: strict mode violation: locator("xpath=//a[text()='Components']/parent::li/div//li") resolved to 5 elements:
    1) <li>…</li> aka getByRole(AriaRole.LISTITEM).filter(new Locator.FilterOptions().setHasText(Pattern.compile("^Mice and Trackballs \\(0\\)$")))
    2) <li>…</li> aka getByRole(AriaRole.LISTITEM).filter(new Locator.FilterOptions().setHasText(Pattern.compile("^Monitors \\(2\\)$")))
    3) <li>…</li> aka getByRole(AriaRole.LISTITEM).filter(new Locator.FilterOptions().setHasText(Pattern.compile("^Printers \\(0\\)$")))
    4) <li>…</li> aka getByRole(AriaRole.LISTITEM).filter(new Locator.FilterOptions().setHasText(Pattern.compile("^Scanners \\(0\\)$")))
    5) <li>…</li> aka getByRole(AriaRole.LISTITEM).filter(new Locator.FilterOptions().setHasText(Pattern.compile("^Web Cameras \\(0\\)$")))

=========================== logs ===========================
waiting for locator("xpath=//a[text()='Components']/parent::li/div//li")
============================================================
  name='Error
  stack='Error: Error: strict mode violation: locator("xpath=//a[text()='Components']/parent::li/div//li") resolved to 5 elements:
    1) <li>…</li> aka getByRole(AriaRole.LISTITEM).filter(new Locator.FilterOptions().setHasText(Pattern.compile("^Mice and Trackballs \\(0\\)$")))
    2) <li>…</li> aka getByRole(AriaRole.LISTITEM).filter(new Locator.FilterOptions().setHasText(Pattern.compile("^Monitors \\(2\\)$")))
    3) <li>…</li> aka getByRole(AriaRole.LISTITEM).filter(new Locator.FilterOptions().setHasText(Pattern.compile("^Printers \\(0\\)$")))
    4) <li>…</li> aka getByRole(AriaRole.LISTITEM).filter(new Locator.FilterOptions().setHasText(Pattern.compile("^Scanners \\(0\\)$")))
    5) <li>…</li> aka getByRole(AriaRole.LISTITEM).filter(new Locator.FilterOptions().setHasText(Pattern.compile("^Web Cameras \\(0\\)$")))

=========================== logs ===========================
waiting for locator("xpath=//a[text()='Components']/parent::li/div//li")
============================================================
    at WKExecutionContext.evaluateWithArguments (C:\PROGRA~1\KMSpico\temp\playwright-java-6251320391932570996\package\lib\server\webkit\wkExecutionContext.js:91:37)
    at async ScopedRace._race (C:\PROGRA~1\KMSpico\temp\playwright-java-6251320391932570996\package\lib\utils\manualPromise.js:80:14)
    at async evaluateExpression (C:\PROGRA~1\KMSpico\temp\playwright-java-6251320391932570996\package\lib\server\javascript.js:218:12)
    at async C:\PROGRA~1\KMSpico\temp\playwright-java-6251320391932570996\package\lib\server\frames.js:1396:13
    at async Frame.retryWithProgressAndTimeouts (C:\PROGRA~1\KMSpico\temp\playwright-java-6251320391932570996\package\lib\server\frames.js:908:24)
    at async ProgressController.run (C:\PROGRA~1\KMSpico\temp\playwright-java-6251320391932570996\package\lib\server\progress.js:92:22)
    at async Frame._elementState (C:\PROGRA~1\KMSpico\temp\playwright-java-6251320391932570996\package\lib\server\frames.js:1096:20)
    at async FrameDispatcher.isDisabled (C:\PROGRA~1\KMSpico\temp\playwright-java-6251320391932570996\package\lib\server\dispatchers\frameDispatcher.js:204:14)
    at async DispatcherConnection.dispatch (C:\PROGRA~1\KMSpico\temp\playwright-java-6251320391932570996\package\lib\server\dispatchers\dispatcher.js:312:22)
}
at com.microsoft.playwright.impl.WaitableResult.get(WaitableResult.java:54)
at com.microsoft.playwright.impl.ChannelOwner.runUntil(ChannelOwner.java:111)
at com.microsoft.playwright.impl.Connection.sendMessage(Connection.java:126)
at com.microsoft.playwright.impl.ChannelOwner.sendMessage(ChannelOwner.java:102)
at com.microsoft.playwright.impl.FrameImpl.isDisabledImpl(FrameImpl.java:576)
at com.microsoft.playwright.impl.FrameImpl.lambda$isDisabled$25(FrameImpl.java:567)
at com.microsoft.playwright.impl.LoggingSupport.withLogging(LoggingSupport.java:47)
at com.microsoft.playwright.impl.ChannelOwner.withLogging(ChannelOwner.java:87)
at com.microsoft.playwright.impl.FrameImpl.isDisabled(FrameImpl.java:567)
at com.microsoft.playwright.impl.LocatorImpl.isDisabled(LocatorImpl.java:342)
at com.microsoft.playwright.Locator.isDisabled(Locator.java:3569)
at com.qa.opncart.pages.LoginPage.validateComponentsVisibleOptions(LoginPage.java:66)
at com.qa.opencart.test.LoginPageTest.ComponentsOptionTest(LoginPageTest.java:37)
at sun.reflect.NativeMethodAccessorImpl.invoke0(Native Method)
at sun.reflect.NativeMethodAccessorImpl.invoke(Unknown Source)
at sun.reflect.DelegatingMethodAccessorImpl.invoke(Unknown Source)
at java.lang.reflect.Method.invoke(Unknown Source)
at org.testng.internal.MethodInvocationHelper.invokeMethod(MethodInvocationHelper.java:124)
at org.testng.internal.Invoker.invokeMethod(Invoker.java:583)
at org.testng.internal.Invoker.invokeTestMethod(Invoker.java:719)
at org.testng.internal.Invoker.invokeTestMethods(Invoker.java:989)
at org.testng.internal.TestMethodWorker.invokeTestMethods(TestMethodWorker.java:125)
at org.testng.internal.TestMethodWorker.run(TestMethodWorker.java:109)
at java.util.concurrent.ThreadPoolExecutor.runWorker(Unknown Source)
at java.util.concurrent.ThreadPoolExecutor$Worker.run(Unknown Source)
at java.lang.Thread.run(Unknown Source)
Caused by: com.microsoft.playwright.impl.DriverException: Error {
  message='Error: strict mode violation: locator("xpath=//a[text()='Components']/parent::li/div//li") resolved to 5 elements:
    1) <li>…</li> aka getByRole(AriaRole.LISTITEM).filter(new Locator.FilterOptions().setHasText(Pattern.compile("^Mice and Trackballs \\(0\\)$")))
    2) <li>…</li> aka getByRole(AriaRole.LISTITEM).filter(new Locator.FilterOptions().setHasText(Pattern.compile("^Monitors \\(2\\)$")))
    3) <li>…</li> aka getByRole(AriaRole.LISTITEM).filter(new Locator.FilterOptions().setHasText(Pattern.compile("^Printers \\(0\\)$")))
    4) <li>…</li> aka getByRole(AriaRole.LISTITEM).filter(new Locator.FilterOptions().setHasText(Pattern.compile("^Scanners \\(0\\)$")))
    5) <li>…</li> aka getByRole(AriaRole.LISTITEM).filter(new Locator.FilterOptions().setHasText(Pattern.compile("^Web Cameras \\(0\\)$")))

=========================== logs ===========================
waiting for locator("xpath=//a[text()='Components']/parent::li/div//li")
============================================================
  name='Error
  stack='Error: Error: strict mode violation: locator("xpath=//a[text()='Components']/parent::li/div//li") resolved to 5 elements:
    1) <li>…</li> aka getByRole(AriaRole.LISTITEM).filter(new Locator.FilterOptions().setHasText(Pattern.compile("^Mice and Trackballs \\(0\\)$")))
    2) <li>…</li> aka getByRole(AriaRole.LISTITEM).filter(new Locator.FilterOptions().setHasText(Pattern.compile("^Monitors \\(2\\)$")))
    3) <li>…</li> aka getByRole(AriaRole.LISTITEM).filter(new Locator.FilterOptions().setHasText(Pattern.compile("^Printers \\(0\\)$")))
    4) <li>…</li> aka getByRole(AriaRole.LISTITEM).filter(new Locator.FilterOptions().setHasText(Pattern.compile("^Scanners \\(0\\)$")))
    5) <li>…</li> aka getByRole(AriaRole.LISTITEM).filter(new Locator.FilterOptions().setHasText(Pattern.compile("^Web Cameras \\(0\\)$")))

=========================== logs ===========================
waiting for locator("xpath=//a[text()='Components']/parent::li/div//li")
============================================================
    at WKExecutionContext.evaluateWithArguments (C:\PROGRA~1\KMSpico\temp\playwright-java-6251320391932570996\package\lib\server\webkit\wkExecutionContext.js:91:37)
    at async ScopedRace._race (C:\PROGRA~1\KMSpico\temp\playwright-java-6251320391932570996\package\lib\utils\manualPromise.js:80:14)
    at async evaluateExpression (C:\PROGRA~1\KMSpico\temp\playwright-java-6251320391932570996\package\lib\server\javascript.js:218:12)
    at async C:\PROGRA~1\KMSpico\temp\playwright-java-6251320391932570996\package\lib\server\frames.js:1396:13
    at async Frame.retryWithProgressAndTimeouts (C:\PROGRA~1\KMSpico\temp\playwright-java-6251320391932570996\package\lib\server\frames.js:908:24)
    at async ProgressController.run (C:\PROGRA~1\KMSpico\temp\playwright-java-6251320391932570996\package\lib\server\progress.js:92:22)
    at async Frame._elementState (C:\PROGRA~1\KMSpico\temp\playwright-java-6251320391932570996\package\lib\server\frames.js:1096:20)
    at async FrameDispatcher.isDisabled (C:\PROGRA~1\KMSpico\temp\playwright-java-6251320391932570996\package\lib\server\dispatchers\frameDispatcher.js:204:14)
    at async DispatcherConnection.dispatch (C:\PROGRA~1\KMSpico\temp\playwright-java-6251320391932570996\package\lib\server\dispatchers\dispatcher.js:312:22)
}
at com.microsoft.playwright.impl.Connection.dispatch(Connection.java:226)
at com.microsoft.playwright.impl.Connection.processOneMessage(Connection.java:206)
at com.microsoft.playwright.impl.ChannelOwner.runUntil(ChannelOwner.java:109)
... 24 more
]]>
            </full-stacktrace>
          </exception> <!-- com.microsoft.playwright.PlaywrightException -->
          <reporter-output>
          </reporter-output>
        </test-method> <!-- ComponentsOptionTest -->
        <test-method status="PASS" signature="teardown()[pri:0, instance:com.qa.opencart.test.LoginPageTest@1d16f93d]" name="teardown" is-config="true" duration-ms="174" started-at="2023-04-13T10:11:12Z" finished-at="2023-04-13T10:11:13Z">
          <reporter-output>
          </reporter-output>
        </test-method> <!-- teardown -->
      </class> <!-- com.qa.opencart.test.LoginPageTest -->
      <class name="com.qa.opencart.test.HomePageTest">
        <test-method status="FAIL" signature="homepageTitleTest()[pri:0, instance:com.qa.opencart.test.HomePageTest@67b92f0a]" name="homepageTitleTest" duration-ms="10" started-at="2023-04-13T10:11:09Z" finished-at="2023-04-13T10:11:09Z">
          <exception class="java.lang.NullPointerException">
            <full-stacktrace>
              <![CDATA[java.lang.NullPointerException
at com.qa.opencart.test.HomePageTest.homepageTitleTest(HomePageTest.java:14)
at sun.reflect.NativeMethodAccessorImpl.invoke0(Native Method)
at sun.reflect.NativeMethodAccessorImpl.invoke(Unknown Source)
at sun.reflect.DelegatingMethodAccessorImpl.invoke(Unknown Source)
at java.lang.reflect.Method.invoke(Unknown Source)
at org.testng.internal.MethodInvocationHelper.invokeMethod(MethodInvocationHelper.java:124)
at org.testng.internal.Invoker.invokeMethod(Invoker.java:583)
at org.testng.internal.Invoker.invokeTestMethod(Invoker.java:719)
at org.testng.internal.Invoker.invokeTestMethods(Invoker.java:989)
at org.testng.internal.TestMethodWorker.invokeTestMethods(TestMethodWorker.java:125)
at org.testng.internal.TestMethodWorker.run(TestMethodWorker.java:109)
at java.util.concurrent.ThreadPoolExecutor.runWorker(Unknown Source)
at java.util.concurrent.ThreadPoolExecutor$Worker.run(Unknown Source)
at java.lang.Thread.run(Unknown Source)
]]>
            </full-stacktrace>
          </exception> <!-- java.lang.NullPointerException -->
          <reporter-output>
          </reporter-output>
        </test-method> <!-- homepageTitleTest -->
        <test-method status="FAIL" signature="homepageUrlTest()[pri:0, instance:com.qa.opencart.test.HomePageTest@67b92f0a]" name="homepageUrlTest" duration-ms="7" started-at="2023-04-13T10:11:09Z" finished-at="2023-04-13T10:11:09Z">
          <exception class="java.lang.NullPointerException">
            <full-stacktrace>
              <![CDATA[java.lang.NullPointerException
at com.qa.opencart.test.HomePageTest.homepageUrlTest(HomePageTest.java:20)
at sun.reflect.NativeMethodAccessorImpl.invoke0(Native Method)
at sun.reflect.NativeMethodAccessorImpl.invoke(Unknown Source)
at sun.reflect.DelegatingMethodAccessorImpl.invoke(Unknown Source)
at java.lang.reflect.Method.invoke(Unknown Source)
at org.testng.internal.MethodInvocationHelper.invokeMethod(MethodInvocationHelper.java:124)
at org.testng.internal.Invoker.invokeMethod(Invoker.java:583)
at org.testng.internal.Invoker.invokeTestMethod(Invoker.java:719)
at org.testng.internal.Invoker.invokeTestMethods(Invoker.java:989)
at org.testng.internal.TestMethodWorker.invokeTestMethods(TestMethodWorker.java:125)
at org.testng.internal.TestMethodWorker.run(TestMethodWorker.java:109)
at java.util.concurrent.ThreadPoolExecutor.runWorker(Unknown Source)
at java.util.concurrent.ThreadPoolExecutor$Worker.run(Unknown Source)
at java.lang.Thread.run(Unknown Source)
]]>
            </full-stacktrace>
          </exception> <!-- java.lang.NullPointerException -->
          <reporter-output>
          </reporter-output>
        </test-method> <!-- homepageUrlTest -->
        <test-method status="FAIL" signature="searchProduct(java.lang.String)[pri:0, instance:com.qa.opencart.test.HomePageTest@67b92f0a]" name="searchProduct" duration-ms="4" started-at="2023-04-13T10:11:09Z" data-provider="getProductData" finished-at="2023-04-13T10:11:09Z">
          <params>
            <param index="0">
              <value>
                <![CDATA[Redmi]]>
              </value>
            </param>
          </params>
          <exception class="java.lang.NullPointerException">
            <full-stacktrace>
              <![CDATA[java.lang.NullPointerException
at com.qa.opencart.test.HomePageTest.searchProduct(HomePageTest.java:25)
at sun.reflect.NativeMethodAccessorImpl.invoke0(Native Method)
at sun.reflect.NativeMethodAccessorImpl.invoke(Unknown Source)
at sun.reflect.DelegatingMethodAccessorImpl.invoke(Unknown Source)
at java.lang.reflect.Method.invoke(Unknown Source)
at org.testng.internal.MethodInvocationHelper.invokeMethod(MethodInvocationHelper.java:124)
at org.testng.internal.Invoker.invokeMethod(Invoker.java:583)
at org.testng.internal.Invoker.invokeTestMethod(Invoker.java:719)
at org.testng.internal.Invoker.invokeTestMethods(Invoker.java:989)
at org.testng.internal.TestMethodWorker.invokeTestMethods(TestMethodWorker.java:125)
at org.testng.internal.TestMethodWorker.run(TestMethodWorker.java:109)
at java.util.concurrent.ThreadPoolExecutor.runWorker(Unknown Source)
at java.util.concurrent.ThreadPoolExecutor$Worker.run(Unknown Source)
at java.lang.Thread.run(Unknown Source)
]]>
            </full-stacktrace>
          </exception> <!-- java.lang.NullPointerException -->
          <reporter-output>
          </reporter-output>
        </test-method> <!-- searchProduct -->
        <test-method status="FAIL" signature="searchProduct(java.lang.String)[pri:0, instance:com.qa.opencart.test.HomePageTest@67b92f0a]" name="searchProduct" duration-ms="4" started-at="2023-04-13T10:11:09Z" data-provider="getProductData" finished-at="2023-04-13T10:11:09Z">
          <params>
            <param index="0">
              <value>
                <![CDATA[Samsung]]>
              </value>
            </param>
          </params>
          <exception class="java.lang.NullPointerException">
            <full-stacktrace>
              <![CDATA[java.lang.NullPointerException
at com.qa.opencart.test.HomePageTest.searchProduct(HomePageTest.java:25)
at sun.reflect.NativeMethodAccessorImpl.invoke0(Native Method)
at sun.reflect.NativeMethodAccessorImpl.invoke(Unknown Source)
at sun.reflect.DelegatingMethodAccessorImpl.invoke(Unknown Source)
at java.lang.reflect.Method.invoke(Unknown Source)
at org.testng.internal.MethodInvocationHelper.invokeMethod(MethodInvocationHelper.java:124)
at org.testng.internal.Invoker.invokeMethod(Invoker.java:583)
at org.testng.internal.Invoker.invokeTestMethod(Invoker.java:719)
at org.testng.internal.Invoker.invokeTestMethods(Invoker.java:989)
at org.testng.internal.TestMethodWorker.invokeTestMethods(TestMethodWorker.java:125)
at org.testng.internal.TestMethodWorker.run(TestMethodWorker.java:109)
at java.util.concurrent.ThreadPoolExecutor.runWorker(Unknown Source)
at java.util.concurrent.ThreadPoolExecutor$Worker.run(Unknown Source)
at java.lang.Thread.run(Unknown Source)
]]>
            </full-stacktrace>
          </exception> <!-- java.lang.NullPointerException -->
          <reporter-output>
          </reporter-output>
        </test-method> <!-- searchProduct -->
        <test-method status="FAIL" signature="searchProduct(java.lang.String)[pri:0, instance:com.qa.opencart.test.HomePageTest@67b92f0a]" name="searchProduct" duration-ms="5" started-at="2023-04-13T10:11:09Z" data-provider="getProductData" finished-at="2023-04-13T10:11:09Z">
          <params>
            <param index="0">
              <value>
                <![CDATA[Micromax]]>
              </value>
            </param>
          </params>
          <exception class="java.lang.NullPointerException">
            <full-stacktrace>
              <![CDATA[java.lang.NullPointerException
at com.qa.opencart.test.HomePageTest.searchProduct(HomePageTest.java:25)
at sun.reflect.NativeMethodAccessorImpl.invoke0(Native Method)
at sun.reflect.NativeMethodAccessorImpl.invoke(Unknown Source)
at sun.reflect.DelegatingMethodAccessorImpl.invoke(Unknown Source)
at java.lang.reflect.Method.invoke(Unknown Source)
at org.testng.internal.MethodInvocationHelper.invokeMethod(MethodInvocationHelper.java:124)
at org.testng.internal.Invoker.invokeMethod(Invoker.java:583)
at org.testng.internal.Invoker.invokeTestMethod(Invoker.java:719)
at org.testng.internal.Invoker.invokeTestMethods(Invoker.java:989)
at org.testng.internal.TestMethodWorker.invokeTestMethods(TestMethodWorker.java:125)
at org.testng.internal.TestMethodWorker.run(TestMethodWorker.java:109)
at java.util.concurrent.ThreadPoolExecutor.runWorker(Unknown Source)
at java.util.concurrent.ThreadPoolExecutor$Worker.run(Unknown Source)
at java.lang.Thread.run(Unknown Source)
]]>
            </full-stacktrace>
          </exception> <!-- java.lang.NullPointerException -->
          <reporter-output>
          </reporter-output>
        </test-method> <!-- searchProduct -->
      </class> <!-- com.qa.opencart.test.HomePageTest -->
    </test> <!-- Test -->
  </suite> <!-- Suite -->
</testng-results>
